
> website@0.0.0 build
> docusaurus build

[INFO] Website will be built for all these locales: 
- ja
- en
[INFO] [ja] Creating an optimized production build...
[WARNING] No docs found in "tutorial-basics": can't auto-generate a sidebar.
[WARNING] No docs found in "tutorial-extras": can't auto-generate a sidebar.
[ERROR] Sidebars file at "G:\repogitory\site-docusaurus-react-study\website\sidebars.ts" failed to be loaded.
[ERROR] Loading of version failed for version current

[ERROR] Error: Unable to build website for locale ja.
    at tryToBuildLocale (G:\repogitory\site-docusaurus-react-study\website\node_modules\@docusaurus\core\lib\commands\build\build.js:83:15)
    at async G:\repogitory\site-docusaurus-react-study\website\node_modules\@docusaurus\core\lib\commands\build\build.js:35:9
    at async mapAsyncSequential (G:\repogitory\site-docusaurus-react-study\website\node_modules\@docusaurus\utils\lib\jsUtils.js:21:24)
    at async Command.build (G:\repogitory\site-docusaurus-react-study\website\node_modules\@docusaurus\core\lib\commands\build\build.js:34:5)
    at async Promise.all (index 0)
    at async runCLI (G:\repogitory\site-docusaurus-react-study\website\node_modules\@docusaurus\core\lib\commands\cli.js:56:5)
    at async file:///G:/repogitory/site-docusaurus-react-study/website/node_modules/@docusaurus/core/bin/docusaurus.mjs:44:3 {
  [cause]: Error: Sidebar category Tutorial has neither any subitem nor a link. This makes this item not able to link to anything.
      at postProcessSidebarItem (G:\repogitory\site-docusaurus-react-study\website\node_modules\@docusaurus\plugin-content-docs\lib\sidebars\postProcessor.js:35:19)
      at G:\repogitory\site-docusaurus-react-study\website\node_modules\@docusaurus\plugin-content-docs\lib\sidebars\postProcessor.js:80:24
      at Array.map (<anonymous>)
      at G:\repogitory\site-docusaurus-react-study\website\node_modules\@docusaurus\plugin-content-docs\lib\sidebars\postProcessor.js:80:10
      at G:\repogitory\site-docusaurus-react-study\website\node_modules\lodash\lodash.js:13469:38
      at G:\repogitory\site-docusaurus-react-study\website\node_modules\lodash\lodash.js:4967:15
      at baseForOwn (G:\repogitory\site-docusaurus-react-study\website\node_modules\lodash\lodash.js:3032:24)
      at Function.mapValues (G:\repogitory\site-docusaurus-react-study\website\node_modules\lodash\lodash.js:13468:7)
      at postProcessSidebars (G:\repogitory\site-docusaurus-react-study\website\node_modules\@docusaurus\plugin-content-docs\lib\sidebars\postProcessor.js:79:29)
[INFO] Docusaurus version: 3.9.2
Node version: v22.18.0
      at loadSidebars (G:\repogitory\site-docusaurus-react-study\website\node_modules\@docusaurus\plugin-content-docs\lib\sidebars\index.js:92:56)
}
