
> website@0.0.0 build
> docusaurus build

[INFO] Website will be built for all these locales: 
- ja
- en
[INFO] [ja] Creating an optimized production build...
[90m[[90mwebpackbar[90m][39m [36mℹ[39m Compiling Client
[90m[[90mwebpackbar[90m][39m [36mℹ[39m Compiling Server
[WARNING] Docusaurus found 2 unused Markdown directives in file "docs/next-study/next_study_198.md"
- :contentReference (16:13)
- :contentReference (55:59)
Your content might render in an unexpected way. Visit https://github.com/facebook/docusaurus/pull/9394 to find out why and how to fix it.
[90m[[90mwebpackbar[90m][39m [32m✔[39m Server: Compiled with some errors in 6.09s
[90m[[90mwebpackbar[90m][39m [32m✔[39m Client: Compiled with some errors in 22.56s
[ERROR] Client bundle compiled with errors therefore further build is impossible.
Error: MDX compilation failed for file "G:\repogitory\site-docusaurus-react-study\website\docs\next-study\next_study_143.md"
Cause: Markdown image with URL `./picture/next_study_143_server_validation.png` in source file "docs/next-study/next_study_143.md" (35:1) couldn't be resolved to an existing local image file.
To ignore this error, use the `siteConfig.markdown.hooks.onBrokenMarkdownImages` option, or apply the `pathname://` protocol to the broken image URLs.
Details:
Error: Markdown image with URL `./picture/next_study_143_server_validation.png` in source file "docs/next-study/next_study_143.md" (35:1) couldn't be resolved to an existing local image file.
To ignore this error, use the `siteConfig.markdown.hooks.onBrokenMarkdownImages` option, or apply the `pathname://` protocol to the broken image URLs.
    at async Promise.all (index 0)

--------------------------

Error: MDX compilation failed for file "G:\repogitory\site-docusaurus-react-study\website\docs\next-study\next_study_144.md"
Cause: Markdown image with URL `./picture/next_study_144_client_validation.png` in source file "docs/next-study/next_study_144.md" (27:1) couldn't be resolved to an existing local image file.
To ignore this error, use the `siteConfig.markdown.hooks.onBrokenMarkdownImages` option, or apply the `pathname://` protocol to the broken image URLs.
Details:
Error: Markdown image with URL `./picture/next_study_144_client_validation.png` in source file "docs/next-study/next_study_144.md" (27:1) couldn't be resolved to an existing local image file.
To ignore this error, use the `siteConfig.markdown.hooks.onBrokenMarkdownImages` option, or apply the `pathname://` protocol to the broken image URLs.
    at async Promise.all (index 0)

--------------------------

Error: MDX compilation failed for file "G:\repogitory\site-docusaurus-react-study\website\docs\next-study\next_study_145.md"
Cause: Markdown image with URL `./picture/next_study_145_double_submit.png` in source file "docs/next-study/next_study_145.md" (158:1) couldn't be resolved to an existing local image file.
To ignore this error, use the `siteConfig.markdown.hooks.onBrokenMarkdownImages` option, or apply the `pathname://` protocol to the broken image URLs.
Details:
Error: Markdown image with URL `./picture/next_study_145_double_submit.png` in source file "docs/next-study/next_study_145.md" (158:1) couldn't be resolved to an existing local image file.
To ignore this error, use the `siteConfig.markdown.hooks.onBrokenMarkdownImages` option, or apply the `pathname://` protocol to the broken image URLs.
    at async Promise.all (index 0)

--------------------------

Error: MDX compilation failed for file "G:\repogitory\site-docusaurus-react-study\website\docs\react-study\react_study_227.md"
Cause: Can't parse URL http://localhost:8787） with base unspecified://
Details:
Error: Can't parse URL http://localhost:8787） with base unspecified://
